* using log directory 'C:/Users/kline/OneDrive/Desktop/University of Utah/Spring 2023/R Programing/my-packages/partyGames/..Rcheck'
* using R version 4.2.2 (2022-10-31 ucrt)
* using platform: x86_64-w64-mingw32 (64-bit)
* using session charset: UTF-8
* checking for file './DESCRIPTION' ... OK
* checking extension type ... Package
* this is package 'partyGames' version '0.1.0'
* package encoding: UTF-8
* checking package namespace information ... OK
* checking package dependencies ... OK
* checking if this is a source package ... WARNING
Subdirectory 'partyGames/src' contains apparent object files/libraries
  RcppExports.o diceSum.o partyGames.dll
Object files/libraries should not be included in a source package.
* checking if there is a namespace ... OK
* checking for executable files ... WARNING
Found the following executable file:
  src/partyGames.dll
Source packages should not contain undeclared executable files.
See section 'Package structure' in the 'Writing R Extensions' manual.
* checking for hidden files and directories ... NOTE
Found the following hidden files and directories:
  .gitignore
  src/.gitignore
  vignettes/.gitignore
  ..Rcheck
  .Rproj.user
  .git
These were most likely included in error. See section 'Package
structure' in the 'Writing R Extensions' manual.
* checking for portable file names ... OK
* checking whether package 'partyGames' can be installed ... OK
* checking installed package size ... OK
* checking package directory ... OK
* checking DESCRIPTION meta-information ... NOTE
Checking should be performed on sources prepared by 'R CMD build'.
* checking top-level files ... OK
* checking for left-over files ... OK
* checking index information ... OK
* checking package subdirectories ... WARNING
Found the following directory with the name of a check directory:
  ./..Rcheck
Most likely, these were included erroneously.
* checking R files for non-ASCII characters ... OK
* checking R files for syntax errors ... OK
* checking whether the package can be loaded ... OK
* checking whether the package can be loaded with stated dependencies ... OK
* checking whether the package can be unloaded cleanly ... OK
* checking whether the namespace can be loaded with stated dependencies ... OK
* checking whether the namespace can be unloaded cleanly ... OK
* checking loading without being on the library search path ... OK
* checking dependencies in R code ... OK
* checking S3 generic/method consistency ... OK
* checking replacement functions ... OK
* checking foreign function calls ... OK
* checking R code for possible problems ... OK
* checking Rd files ... OK
* checking Rd metadata ... OK
* checking Rd cross-references ... OK
* checking for missing documentation entries ... OK
* checking for code/documentation mismatches ... OK
* checking Rd \usage sections ... OK
* checking Rd contents ... OK
* checking for unstated dependencies in examples ... OK
* checking LazyData ... NOTE
  'LazyData' is specified without a 'data' directory
* checking line endings in C/C++/Fortran sources/headers ... NOTE
Found the following sources/headers with CR or CRLF line endings:
  src/RcppExports.cpp
  src/diceSum.cpp
Some Unix compilers require LF line endings.
* checking compiled code ... OK
* checking files in 'vignettes' ... WARNING
Files in the 'vignettes' directory but no files in 'inst/doc':
  'example-vignette.R', 'example-vignette.Rmd', 'example-vignette.html'
* checking examples ... OK
* checking for unstated dependencies in 'tests' ... OK
* checking tests ... OK
  Running 'tinytest.R'
* checking for unstated dependencies in vignettes ... OK
* checking package vignettes in 'inst/doc' ... WARNING
Directory 'inst/doc' does not exist.
Package vignette without corresponding single PDF/HTML:
   'example-vignette.Rmd'

* checking running R code from vignettes ... NONE
  'example-vignette.Rmd' using 'UTF-8'... OK
* checking re-building of vignette outputs ... OK
* checking PDF version of manual ... WARNING
LaTeX errors when creating PDF version.
This typically indicates Rd problems.
LaTeX errors found:
* checking PDF version of manual without index ... ERROR
* DONE
Status: 1 ERROR, 6 WARNINGs, 4 NOTEs
